Moved Black Pawn from (4, 6) to (3, 4)
Moved Black Pawn from (3, 4) to (4, 4)
Moved Black Pawn from (5, 6) to (4, 6)
Moved Black Pawn from (4, 6) to (5, 6)
Moved Black Pawn from (4, 4) to (4, 6)
Moved Black Pawn from (0, 6) to (0, 5)
Moved Black Pawn from (0, 5) to (0, 6)
Moved White Pawn from (0, 1) to (0, 2)
Moved White Pawn from (0, 2) to (0, 1)
Moved Black Pawn from (4, 6) to (4, 5)
Moved White Pawn from (4, 1) to (4, 2)
Moved Black Pawn from (5, 6) to (5, 5)
Moved Black Pawn from (5, 5) to (5, 6)
Moved Black Pawn from (4, 6) to (4, 5)
Moved Black Pawn from (4, 6) to (4, 5)
Moved Black Pawn from (4, 6) to (4, 5)
Moved White Rook from (0, 0) to (1, 2)
Moved Black Pawn from (0, 0) to (2, 3)
Moved Black Pawn from (5, 6) to (5, 5)
Moved Black Pawn from (5, 5) to (5, 6)
Moved Black Pawn from (6, 6) to (6, 5)
Moved Black Pawn from (1, 6) to (1, 5)
Moved Black Pawn from (1, 5) to (1, 6)
Moved Black Pawn from (6, 6) to (6, 5)
Moved Black Pawn from (5, 6) to (5, 4)
Moved Black Pawn from (5, 4) to (5, 6)
Moved Black Pawn from (5, 6) to (5, 4)
Moved Black Pawn from (5, 4) to (5, 5)
Moved Black Pawn from (5, 5) to (5, 6)
Moved Black Pawn from (5, 6) to (5, 5)
Moved Black Pawn from (5, 5) to (5, 4)
Moved Black Pawn from (5, 4) to (5, 6)
Moved Black Pawn from (4, 6) to (4, 4)
Moved White Pawn from (4, 1) to (4, 3)
Moved Black Bishop from (5, 7) to (2, 4)
Moved White Pawn from (3, 1) to (3, 3)
Moved Black Queen from (3, 7) to (7, 3)
Moved Black Bishop from (2, 4) to (5, 2)
Moved Black Bishop from (5, 2) to (2, 4)
Moved Black Bishop from (2, 4) to (5, 7)
Moved Black Queen from (7, 3) to (3, 7)
Moved Black Pawn from (4, 4) to (4, 6)
Moved White Pawn from (4, 3) to (4, 1)
Moved White Pawn from (3, 3) to (3, 1)
Moved Black Pawn from (4, 6) to (4, 5)
Moved Black Pawn from (4, 5) to (4, 6)
Moved Black Pawn from (4, 6) to (4, 4)
Moved Black Pawn from (4, 4) to (4, 6)
Moved Black Pawn from (4, 6) to (4, 4)
Moved Black Bishop from (5, 7) to (2, 4)
Moved White Pawn from (4, 1) to (4, 2)
Moved Black Pawn from (4, 4) to (4, 3)
Moved White Pawn from (3, 1) to (3, 3)
Moved Black Bishop from (2, 4) to (1, 3)
Moved White Pawn from (2, 1) to (2, 2)
Moved White Pawn from (1, 1) to (1, 2)
Moved White Pawn from (0, 1) to (0, 2)
Moved White Rook from (0, 0) to (0, 1)
Moved White Knight from (1, 0) to (1, 1)
Moved White Bishop from (2, 0) to (2, 1)
Moved White Queen from (3, 0) to (3, 1)
Moved White King from (4, 0) to (4, 1)
Moved White Bishop from (5, 0) to (6, 2)
Moved White Knight from (6, 0) to (5, 2)
Moved White Rook from (7, 0) to (7, 3)
Moved Black Rook from (7, 7) to (7, 5)
Moved Black Knight from (6, 7) to (5, 5)
Moved Black King from (4, 7) to (4, 6)
Moved Black Queen from (3, 7) to (3, 5)
Moved Black Bishop from (2, 7) to (2, 5)
Moved Black Knight from (1, 7) to (1, 5)
Moved Black Rook from (0, 7) to (0, 5)
Moved Black Pawn from (4, 6) to (4, 4)
Moved Black Pawn from (4, 6) to (4, 5)
Moved Black Pawn from (4, 5) to (4, 4)
