  king.cpp
C:\Users\firem\source\repos\COMP3016 opengl\COMP3016 opengl\king.cpp(641,16): warning C4244: 'initializing': conversion from 'double' to 'float', possible loss of data
C:\Users\firem\source\repos\COMP3016 opengl\COMP3016 opengl\king.cpp(642,16): warning C4244: 'initializing': conversion from 'double' to 'float', possible loss of data
C:\Users\firem\source\repos\COMP3016 opengl\COMP3016 opengl\king.cpp(701,23): warning C4244: 'initializing': conversion from 'double' to 'float', possible loss of data
C:\Users\firem\source\repos\COMP3016 opengl\COMP3016 opengl\king.cpp(702,23): warning C4244: 'initializing': conversion from 'double' to 'float', possible loss of data
C:\Users\firem\source\repos\COMP3016 opengl\COMP3016 opengl\king.cpp(874,16): warning C4244: 'initializing': conversion from 'double' to 'float', possible loss of data
C:\Users\firem\source\repos\COMP3016 opengl\COMP3016 opengl\king.cpp(875,16): warning C4244: 'initializing': conversion from 'double' to 'float', possible loss of data
C:\Users\firem\source\repos\COMP3016 opengl\COMP3016 opengl\king.cpp(960,68): warning C4267: 'argument': conversion from 'size_t' to 'GLsizei', possible loss of data
C:\Users\firem\source\repos\COMP3016 opengl\COMP3016 opengl\king.cpp(1142,32): warning C4244: 'argument': conversion from 'int' to 'float', possible loss of data
C:\Users\firem\source\repos\COMP3016 opengl\COMP3016 opengl\king.cpp(1147,28): warning C4244: 'argument': conversion from 'int' to 'float', possible loss of data
C:\Users\firem\source\repos\COMP3016 opengl\COMP3016 opengl\king.cpp(1149,28): warning C4244: 'argument': conversion from 'int' to 'float', possible loss of data
C:\Users\firem\source\repos\COMP3016 opengl\COMP3016 opengl\king.cpp(1151,28): warning C4244: 'argument': conversion from 'int' to 'float', possible loss of data
C:\Users\firem\source\repos\COMP3016 opengl\COMP3016 opengl\king.cpp(1153,28): warning C4244: 'argument': conversion from 'int' to 'float', possible loss of data
C:\Users\firem\source\repos\COMP3016 opengl\COMP3016 opengl\king.cpp(1155,28): warning C4244: 'argument': conversion from 'int' to 'float', possible loss of data
C:\Users\firem\source\repos\COMP3016 opengl\COMP3016 opengl\king.cpp(1157,28): warning C4244: 'argument': conversion from 'int' to 'float', possible loss of data
C:\Users\firem\source\repos\COMP3016 opengl\COMP3016 opengl\king.cpp(1159,28): warning C4244: 'argument': conversion from 'int' to 'float', possible loss of data
C:\Users\firem\source\repos\COMP3016 opengl\COMP3016 opengl\king.cpp(1161,28): warning C4244: 'argument': conversion from 'int' to 'float', possible loss of data
C:\Users\firem\source\repos\COMP3016 opengl\COMP3016 opengl\king.cpp(1166,32): warning C4244: 'argument': conversion from 'int' to 'float', possible loss of data
C:\Users\firem\source\repos\COMP3016 opengl\COMP3016 opengl\king.cpp(1170,28): warning C4244: 'argument': conversion from 'int' to 'float', possible loss of data
C:\Users\firem\source\repos\COMP3016 opengl\COMP3016 opengl\king.cpp(1172,28): warning C4244: 'argument': conversion from 'int' to 'float', possible loss of data
C:\Users\firem\source\repos\COMP3016 opengl\COMP3016 opengl\king.cpp(1174,28): warning C4244: 'argument': conversion from 'int' to 'float', possible loss of data
C:\Users\firem\source\repos\COMP3016 opengl\COMP3016 opengl\king.cpp(1176,28): warning C4244: 'argument': conversion from 'int' to 'float', possible loss of data
C:\Users\firem\source\repos\COMP3016 opengl\COMP3016 opengl\king.cpp(1178,28): warning C4244: 'argument': conversion from 'int' to 'float', possible loss of data
C:\Users\firem\source\repos\COMP3016 opengl\COMP3016 opengl\king.cpp(1180,28): warning C4244: 'argument': conversion from 'int' to 'float', possible loss of data
C:\Users\firem\source\repos\COMP3016 opengl\COMP3016 opengl\king.cpp(1182,28): warning C4244: 'argument': conversion from 'int' to 'float', possible loss of data
C:\Users\firem\source\repos\COMP3016 opengl\COMP3016 opengl\king.cpp(1184,28): warning C4244: 'argument': conversion from 'int' to 'float', possible loss of data
C:\Users\firem\source\repos\COMP3016 opengl\COMP3016 opengl\king.cpp(1277,77): warning C4267: 'argument': conversion from 'size_t' to 'int', possible loss of data
C:\Users\firem\source\repos\COMP3016 opengl\COMP3016 opengl\king.cpp(1366,36): warning C4267: 'argument': conversion from 'size_t' to 'int', possible loss of data
C:\Users\firem\source\repos\COMP3016 opengl\COMP3016 opengl\king.cpp(1389,93): warning C4267: 'argument': conversion from 'size_t' to 'int', possible loss of data
LINK : warning LNK4098: defaultlib 'MSVCRT' conflicts with use of other libs; use /NODEFAULTLIB:library
  COMP3016 opengl.vcxproj -> C:\Users\firem\source\repos\COMP3016 opengl\x64\Debug\COMP3016 opengl.exe
